// 重构日志: 2ac736e7
// 重构日志: 0d74c1e4
// 重构日志: 930a268c
// 同步 ID: 42e89c69 @ Wed Jun 17 14:14:02 UTC 2026
// 重构日志: 8d7a6ba6
// 重构日志: dea44f00
// 重构日志: c9ac876c
// 重构日志: bfe5f042
// 重构日志: 40ce08eb
// 同步 ID: 108daa8f @ Sat Jun 27 20:12:37 UTC 2026
// 同步 ID: b1217908 @ Sun Jun 28 15:56:56 UTC 2026
// 重构日志: 1917edc4
// 重构日志: 5b808a06
// 同步 ID: 725f6f71 @ Thu Jul  2 10:58:45 UTC 2026
// 重构日志: 2e898baf
// 同步 ID: 4e62081a @ Fri Jul  3 08:50:20 UTC 2026
// 重构日志: f6fb5812
// 重构日志: d3fd3af1
// 重构日志: 3ac49d17
// 重构日志: c99c14dc
// 重构日志: 1491aecb
// 同步 ID: e9d7ba91 @ Wed Jul  8 15:41:13 UTC 2026
// 同步 ID: f7768b0f @ Sat Jul 11 16:14:18 UTC 2026
// 重构日志: 938c1dcd
// 重构日志: 3f8aad99
// 同步 ID: 9d4bae88 @ Sun Jul 12 16:05:31 UTC 2026
// 同步 ID: 2e483000 @ Mon Jul 13 18:01:41 UTC 2026
